Vivado Simulator 2014.4
Copyright 1986-1999, 2001-2014 Xilinx, Inc. All Rights Reserved.
Running: C:/Xilinx/Vivado/2014.4/bin/unwrapped/win64.o/xelab.exe -wto 27eda63ab78747b7a8381ae2bb6482cf --debug typical --relax --include ../../../project_1.srcs/sources_1/imports/sources_1/new -L xil_defaultlib -L unisims_ver -L unimacro_ver -L secureip --snapshot displaydriver_10x4_test_behav xil_defaultlib.displaydriver_10x4_test xil_defaultlib.glbl -log elaborate.log 
Multi-threading is on. Using 2 slave threads.
Starting static elaboration
WARNING: [VRFC 10-278] actual bit length 32 differs from formal bit length 13 for port out_addr [C:/Brett/School/Spring15/541/labs/project_1/project_1.srcs/sources_1/new/memIO.sv:44]
WARNING: [VRFC 10-278] actual bit length 32 differs from formal bit length 2 for port writedata [C:/Brett/School/Spring15/541/labs/project_1/project_1.srcs/sources_1/new/memIO.sv:46]
Completed static elaboration
Starting simulation data flow analysis
WARNING: [XSIM 43-4099] "C:/Brett/School/Spring15/541/labs/project_1/project_1.srcs/sources_1/imports/new/vgatimer.sv" Line 3. Module vgatimer doesn't have a timescale but at least one module in design has a timescale.
WARNING: [XSIM 43-4099] "C:/Brett/School/Spring15/541/labs/project_1/project_1.srcs/sources_1/imports/new/vgatimer.sv" Line 3. Module vgatimer doesn't have a timescale but at least one module in design has a timescale.
Completed simulation data flow analysis
Time Resolution for simulation is 1ps
Compiling module xil_defaultlib.controller
Compiling module xil_defaultlib.register_file
Compiling module xil_defaultlib.fulladder
Compiling module xil_defaultlib.adder(N=32)
Compiling module xil_defaultlib.addsub(N=32)
Compiling module xil_defaultlib.shifter(N=32)
Compiling module xil_defaultlib.logical(N=32)
Compiling module xil_defaultlib.comparator
Compiling module xil_defaultlib.ALU(N=32)
Compiling module xil_defaultlib.datapath(Nloc=5)
Compiling module xil_defaultlib.mips
Compiling module xil_defaultlib.imem(Nloc=32,InitFile="sqr_imem....
Compiling module xil_defaultlib.mem_mapper
Compiling module xil_defaultlib.screenmemory
Compiling module xil_defaultlib.dmem(Nloc=32,InitFile="sqr_dmem....
Compiling module xil_defaultlib.memIO(Nloc=32,dmem_init="sqr_dme...
Compiling module xil_defaultlib.xycounter(width=800,height=525)
Compiling module xil_defaultlib.vgatimer
Compiling module xil_defaultlib.bitmapmemory
Compiling module xil_defaultlib.vgadisplaydriver(bitmap_init="bi...
Compiling module xil_defaultlib.top
Compiling module xil_defaultlib.displaydriver_10x4_test
Compiling module xil_defaultlib.glbl
Waiting for 2 sub-compilation(s) to finish...
Built simulation snapshot displaydriver_10x4_test_behav
